app/build/intermediates/manifest_merge_blame_file/debug/processDebugMainManifest/manifest-merger-blame-debug-report.txt
1<?xml version="1.0" encoding="utf-8"?>
2<manifest xmlns:android="http://schemas.android.com/apk/res/android"
3    package="com.example.nofiltercoffee"
4    android:versionCode="1"
5    android:versionName="1.0" >
6
7    <uses-sdk
8        android:minSdkVersion="21"
9        android:targetSdkVersion="34" />
10
11    <uses-permission android:name="android.permission.INTERNET" />
11-->[com.google.firebase:firebase-auth:22.1.2] AndroidManifest.xml:25:5-67
11-->[com.google.firebase:firebase-auth:22.1.2] AndroidManifest.xml:25:22-64
12    <uses-permission android:name="android.permission.ACCESS_NETWORK_STATE" />
12-->[com.google.firebase:firebase-auth:22.1.2] AndroidManifest.xml:26:5-79
12-->[com.google.firebase:firebase-auth:22.1.2] AndroidManifest.xml:26:22-76
13    <uses-permission android:name="android.permission.POST_NOTIFICATIONS" />
13-->[com.google.firebase:firebase-messaging:23.2.1] AndroidManifest.xml:23:5-77
13-->[com.google.firebase:firebase-messaging:23.2.1] AndroidManifest.xml:23:22-74
14    <uses-permission android:name="android.permission.WAKE_LOCK" /> <!-- Required by older versions of Google Play services to create IID tokens -->
14-->[com.google.firebase:firebase-messaging:23.2.1] AndroidManifest.xml:24:5-68
14-->[com.google.firebase:firebase-messaging:23.2.1] AndroidManifest.xml:24:22-65
15    <uses-permission android:name="com.google.android.c2dm.permission.RECEIVE" />
15-->[com.google.firebase:firebase-messaging:23.2.1] AndroidManifest.xml:26:5-82
15-->[com.google.firebase:firebase-messaging:23.2.1] AndroidManifest.xml:26:22-79
16
17    <permission
17-->[androidx.core:core:1.12.0] AndroidManifest.xml:22:5-24:47
18        android:name="com.example.nofiltercoffee.DYNAMIC_RECEIVER_NOT_EXPORTED_PERMISSION"
18-->[androidx.core:core:1.12.0] AndroidManifest.xml:23:9-81
19        android:protectionLevel="signature" />
19-->[androidx.core:core:1.12.0] AndroidManifest.xml:24:9-44
20
21    <uses-permission android:name="com.example.nofiltercoffee.DYNAMIC_RECEIVER_NOT_EXPORTED_PERMISSION" />
21-->[androidx.core:core:1.12.0] AndroidManifest.xml:26:5-97
21-->[androidx.core:core:1.12.0] AndroidManifest.xml:26:22-94
22
23    <application
23-->src\main\AndroidManifest.xml:4:5-31:19
24        android:allowBackup="true"
24-->src\main\AndroidManifest.xml:5:9-35
25        android:appComponentFactory="androidx.core.app.CoreComponentFactory"
25-->[androidx.core:core:1.12.0] AndroidManifest.xml:28:18-86
26        android:debuggable="true"
27        android:extractNativeLibs="true"
28        android:label="No Filter Coffee"
28-->src\main\AndroidManifest.xml:6:9-41
29        android:testOnly="true"
30        android:theme="@style/Theme.NoFilterCoffee"
30-->src\main\AndroidManifest.xml:7:9-52
31        android:usesCleartextTraffic="true" >
31-->src\main\AndroidManifest.xml:8:9-44
32        <activity android:name="com.example.nofiltercoffee.OrderSuccessActivity" />
32-->src\main\AndroidManifest.xml:10:9-58
32-->src\main\AndroidManifest.xml:10:19-55
33        <activity
33-->src\main\AndroidManifest.xml:11:9-97
34            android:name="com.example.nofiltercoffee.CheckoutActivity"
34-->src\main\AndroidManifest.xml:11:19-51
35            android:windowSoftInputMode="adjustResize" />
35-->src\main\AndroidManifest.xml:11:52-94
36        <activity android:name="com.example.nofiltercoffee.PromoActivity" />
36-->src\main\AndroidManifest.xml:12:9-51
36-->src\main\AndroidManifest.xml:12:19-48
37        <activity android:name="com.example.nofiltercoffee.CartActivity" />
37-->src\main\AndroidManifest.xml:13:9-50
37-->src\main\AndroidManifest.xml:13:19-47
38        <activity android:name="com.example.nofiltercoffee.ProductDetailActivity" />
38-->src\main\AndroidManifest.xml:14:9-59
38-->src\main\AndroidManifest.xml:14:19-56
39        <activity android:name="com.example.nofiltercoffee.RewardsActivity" />
39-->src\main\AndroidManifest.xml:15:9-53
39-->src\main\AndroidManifest.xml:15:19-50
40        <activity android:name="com.example.nofiltercoffee.OrdersActivity" />
40-->src\main\AndroidManifest.xml:16:9-52
40-->src\main\AndroidManifest.xml:16:19-49
41        <activity android:name="com.example.nofiltercoffee.PaymentMethodsActivity" />
41-->src\main\AndroidManifest.xml:17:9-60
41-->src\main\AndroidManifest.xml:17:19-57
42        <activity android:name="com.example.nofiltercoffee.ProfileActivity" />
42-->src\main\AndroidManifest.xml:18:9-53
42-->src\main\AndroidManifest.xml:18:19-50
43        <activity android:name="com.example.nofiltercoffee.AboutActivity" />
43-->src\main\AndroidManifest.xml:19:9-51
43-->src\main\AndroidManifest.xml:19:19-48
44        <activity android:name="com.example.nofiltercoffee.HelpActivity" />
44-->src\main\AndroidManifest.xml:20:9-50
44-->src\main\AndroidManifest.xml:20:19-47
45        <activity
45-->src\main\AndroidManifest.xml:21:9-95
46            android:name="com.example.nofiltercoffee.SignupActivity"
46-->src\main\AndroidManifest.xml:21:19-49
47            android:windowSoftInputMode="adjustResize" />
47-->src\main\AndroidManifest.xml:21:50-92
48        <activity
48-->src\main\AndroidManifest.xml:22:9-94
49            android:name="com.example.nofiltercoffee.LoginActivity"
49-->src\main\AndroidManifest.xml:22:19-48
50            android:windowSoftInputMode="adjustResize" />
50-->src\main\AndroidManifest.xml:22:49-91
51        <activity android:name="com.example.nofiltercoffee.HomeActivity" />
51-->src\main\AndroidManifest.xml:23:9-50
51-->src\main\AndroidManifest.xml:23:19-47
52        <activity android:name="com.example.nofiltercoffee.ManagerOrdersActivity" /> <!-- new manager screen -->
52-->src\main\AndroidManifest.xml:24:9-59
52-->src\main\AndroidManifest.xml:24:19-56
53        <activity
53-->src\main\AndroidManifest.xml:25:9-30:20
54            android:name="com.example.nofiltercoffee.SplashActivity"
54-->src\main\AndroidManifest.xml:25:19-49
55            android:exported="true" >
55-->src\main\AndroidManifest.xml:25:50-73
56            <intent-filter>
56-->src\main\AndroidManifest.xml:26:13-29:29
57                <action android:name="android.intent.action.MAIN" />
57-->src\main\AndroidManifest.xml:27:17-69
57-->src\main\AndroidManifest.xml:27:25-66
58
59                <category android:name="android.intent.category.LAUNCHER" />
59-->src\main\AndroidManifest.xml:28:17-77
59-->src\main\AndroidManifest.xml:28:27-74
60            </intent-filter>
61        </activity>
62        <activity
62-->[com.google.firebase:firebase-auth:22.1.2] AndroidManifest.xml:29:9-46:20
63            android:name="com.google.firebase.auth.internal.GenericIdpActivity"
63-->[com.google.firebase:firebase-auth:22.1.2] AndroidManifest.xml:30:13-80
64            android:excludeFromRecents="true"
64-->[com.google.firebase:firebase-auth:22.1.2] AndroidManifest.xml:31:13-46
65            android:exported="true"
65-->[com.google.firebase:firebase-auth:22.1.2] AndroidManifest.xml:32:13-36
66            android:launchMode="singleTask"
66-->[com.google.firebase:firebase-auth:22.1.2] AndroidManifest.xml:33:13-44
67            android:theme="@android:style/Theme.Translucent.NoTitleBar" >
67-->[com.google.firebase:firebase-auth:22.1.2] AndroidManifest.xml:34:13-72
68            <intent-filter>
68-->[com.google.firebase:firebase-auth:22.1.2] AndroidManifest.xml:35:13-45:29
69                <action android:name="android.intent.action.VIEW" />
69-->[com.google.firebase:firebase-auth:22.1.2] AndroidManifest.xml:36:17-69
69-->[com.google.firebase:firebase-auth:22.1.2] AndroidManifest.xml:36:25-66
70
71                <category android:name="android.intent.category.DEFAULT" />
71-->[com.google.firebase:firebase-auth:22.1.2] AndroidManifest.xml:38:17-76
71-->[com.google.firebase:firebase-auth:22.1.2] AndroidManifest.xml:38:27-73
72                <category android:name="android.intent.category.BROWSABLE" />
72-->[com.google.firebase:firebase-auth:22.1.2] AndroidManifest.xml:39:17-78
72-->[com.google.firebase:firebase-auth:22.1.2] AndroidManifest.xml:39:27-75
73
74                <data
74-->[com.google.firebase:firebase-auth:22.1.2] AndroidManifest.xml:41:17-44:51
75                    android:host="firebase.auth"
75-->[com.google.firebase:firebase-auth:22.1.2] AndroidManifest.xml:42:21-49
76                    android:path="/"
76-->[com.google.firebase:firebase-auth:22.1.2] AndroidManifest.xml:43:21-37
77                    android:scheme="genericidp" />
77-->[com.google.firebase:firebase-auth:22.1.2] AndroidManifest.xml:44:21-48
78            </intent-filter>
79        </activity>
80        <activity
80-->[com.google.firebase:firebase-auth:22.1.2] AndroidManifest.xml:47:9-64:20
81            android:name="com.google.firebase.auth.internal.RecaptchaActivity"
81-->[com.google.firebase:firebase-auth:22.1.2] AndroidManifest.xml:48:13-79
82            android:excludeFromRecents="true"
82-->[com.google.firebase:firebase-auth:22.1.2] AndroidManifest.xml:49:13-46
83            android:exported="true"
83-->[com.google.firebase:firebase-auth:22.1.2] AndroidManifest.xml:50:13-36
84            android:launchMode="singleTask"
84-->[com.google.firebase:firebase-auth:22.1.2] AndroidManifest.xml:51:13-44
85            android:theme="@android:style/Theme.Translucent.NoTitleBar" >
85-->[com.google.firebase:firebase-auth:22.1.2] AndroidManifest.xml:52:13-72
86            <intent-filter>
86-->[com.google.firebase:firebase-auth:22.1.2] AndroidManifest.xml:53:13-63:29
87                <action android:name="android.intent.action.VIEW" />
87-->[com.google.firebase:firebase-auth:22.1.2] AndroidManifest.xml:36:17-69
87-->[com.google.firebase:firebase-auth:22.1.2] AndroidManifest.xml:36:25-66
88
89                <category android:name="android.intent.category.DEFAULT" />
89-->[com.google.firebase:firebase-auth:22.1.2] AndroidManifest.xml:38:17-76
89-->[com.google.firebase:firebase-auth:22.1.2] AndroidManifest.xml:38:27-73
90                <category android:name="android.intent.category.BROWSABLE" />
90-->[com.google.firebase:firebase-auth:22.1.2] AndroidManifest.xml:39:17-78
90-->[com.google.firebase:firebase-auth:22.1.2] AndroidManifest.xml:39:27-75
91
92                <data
92-->[com.google.firebase:firebase-auth:22.1.2] AndroidManifest.xml:41:17-44:51
93                    android:host="firebase.auth"
93-->[com.google.firebase:firebase-auth:22.1.2] AndroidManifest.xml:42:21-49
94                    android:path="/"
94-->[com.google.firebase:firebase-auth:22.1.2] AndroidManifest.xml:43:21-37
95                    android:scheme="recaptcha" />
95-->[com.google.firebase:firebase-auth:22.1.2] AndroidManifest.xml:44:21-48
96            </intent-filter>
97        </activity>
98
99        <service
99-->[com.google.firebase:firebase-auth:22.1.2] AndroidManifest.xml:66:9-72:19
100            android:name="com.google.firebase.components.ComponentDiscoveryService"
100-->[com.google.firebase:firebase-auth:22.1.2] AndroidManifest.xml:67:13-84
101            android:directBootAware="true"
101-->[com.google.firebase:firebase-common:20.3.3] AndroidManifest.xml:34:13-43
102            android:exported="false" >
102-->[com.google.firebase:firebase-auth:22.1.2] AndroidManifest.xml:68:13-37
103            <meta-data
103-->[com.google.firebase:firebase-auth:22.1.2] AndroidManifest.xml:69:13-71:85
104                android:name="com.google.firebase.components:com.google.firebase.auth.FirebaseAuthRegistrar"
104-->[com.google.firebase:firebase-auth:22.1.2] AndroidManifest.xml:70:17-109
105                android:value="com.google.firebase.components.ComponentRegistrar" />
105-->[com.google.firebase:firebase-auth:22.1.2] AndroidManifest.xml:71:17-82
106            <meta-data
106-->[com.google.firebase:firebase-firestore:24.8.1] AndroidManifest.xml:17:13-19:85
107                android:name="com.google.firebase.components:com.google.firebase.firestore.FirestoreRegistrar"
107-->[com.google.firebase:firebase-firestore:24.8.1] AndroidManifest.xml:18:17-111
108                android:value="com.google.firebase.components.ComponentRegistrar" />
108-->[com.google.firebase:firebase-firestore:24.8.1] AndroidManifest.xml:19:17-82
109            <meta-data
109-->[com.google.firebase:firebase-messaging:23.2.1] AndroidManifest.xml:53:13-55:85
110                android:name="com.google.firebase.components:com.google.firebase.messaging.FirebaseMessagingRegistrar"
110-->[com.google.firebase:firebase-messaging:23.2.1] AndroidManifest.xml:54:17-119
111                android:value="com.google.firebase.components.ComponentRegistrar" />
111-->[com.google.firebase:firebase-messaging:23.2.1] AndroidManifest.xml:55:17-82
112            <meta-data
112-->[com.google.firebase:firebase-datatransport:18.1.7] AndroidManifest.xml:27:13-29:85
113                android:name="com.google.firebase.components:com.google.firebase.datatransport.TransportRegistrar"
113-->[com.google.firebase:firebase-datatransport:18.1.7] AndroidManifest.xml:28:17-115
114                android:value="com.google.firebase.components.ComponentRegistrar" />
114-->[com.google.firebase:firebase-datatransport:18.1.7] AndroidManifest.xml:29:17-82
115            <meta-data
115-->[com.google.firebase:firebase-installations:17.1.4] AndroidManifest.xml:15:13-17:85
116                android:name="com.google.firebase.components:com.google.firebase.installations.FirebaseInstallationsRegistrar"
116-->[com.google.firebase:firebase-installations:17.1.4] AndroidManifest.xml:16:17-127
117                android:value="com.google.firebase.components.ComponentRegistrar" />
117-->[com.google.firebase:firebase-installations:17.1.4] AndroidManifest.xml:17:17-82
118        </service>
119
120        <receiver
120-->[com.google.firebase:firebase-messaging:23.2.1] AndroidManifest.xml:29:9-36:20
121            android:name="com.google.firebase.iid.FirebaseInstanceIdReceiver"
121-->[com.google.firebase:firebase-messaging:23.2.1] AndroidManifest.xml:30:13-78
122            android:exported="true"
122-->[com.google.firebase:firebase-messaging:23.2.1] AndroidManifest.xml:31:13-36
123            android:permission="com.google.android.c2dm.permission.SEND" >
123-->[com.google.firebase:firebase-messaging:23.2.1] AndroidManifest.xml:32:13-73
124            <intent-filter>
124-->[com.google.firebase:firebase-messaging:23.2.1] AndroidManifest.xml:33:13-35:29
125                <action android:name="com.google.android.c2dm.intent.RECEIVE" />
125-->[com.google.firebase:firebase-messaging:23.2.1] AndroidManifest.xml:34:17-81
125-->[com.google.firebase:firebase-messaging:23.2.1] AndroidManifest.xml:34:25-78
126            </intent-filter>
127        </receiver>
128        <!--
129             FirebaseMessagingService performs security checks at runtime,
130             but set to not exported to explicitly avoid allowing another app to call it.
131        -->
132        <service
132-->[com.google.firebase:firebase-messaging:23.2.1] AndroidManifest.xml:42:9-49:19
133            android:name="com.google.firebase.messaging.FirebaseMessagingService"
133-->[com.google.firebase:firebase-messaging:23.2.1] AndroidManifest.xml:43:13-82
134            android:directBootAware="true"
134-->[com.google.firebase:firebase-messaging:23.2.1] AndroidManifest.xml:44:13-43
135            android:exported="false" >
135-->[com.google.firebase:firebase-messaging:23.2.1] AndroidManifest.xml:45:13-37
136            <intent-filter android:priority="-500" >
136-->[com.google.firebase:firebase-messaging:23.2.1] AndroidManifest.xml:46:13-48:29
136-->[com.google.firebase:firebase-messaging:23.2.1] AndroidManifest.xml:46:28-51
137                <action android:name="com.google.firebase.MESSAGING_EVENT" />
137-->[com.google.firebase:firebase-messaging:23.2.1] AndroidManifest.xml:47:17-78
137-->[com.google.firebase:firebase-messaging:23.2.1] AndroidManifest.xml:47:25-75
138            </intent-filter>
139        </service>
140
141        <provider
141-->[com.google.firebase:firebase-common:20.3.3] AndroidManifest.xml:25:9-30:39
142            android:name="com.google.firebase.provider.FirebaseInitProvider"
142-->[com.google.firebase:firebase-common:20.3.3] AndroidManifest.xml:26:13-77
143            android:authorities="com.example.nofiltercoffee.firebaseinitprovider"
143-->[com.google.firebase:firebase-common:20.3.3] AndroidManifest.xml:27:13-72
144            android:directBootAware="true"
144-->[com.google.firebase:firebase-common:20.3.3] AndroidManifest.xml:28:13-43
145            android:exported="false"
145-->[com.google.firebase:firebase-common:20.3.3] AndroidManifest.xml:29:13-37
146            android:initOrder="100" />
146-->[com.google.firebase:firebase-common:20.3.3] AndroidManifest.xml:30:13-36
147
148        <activity
148-->[com.google.android.gms:play-services-base:18.0.1] AndroidManifest.xml:20:9-22:45
149            android:name="com.google.android.gms.common.api.GoogleApiActivity"
149-->[com.google.android.gms:play-services-base:18.0.1] AndroidManifest.xml:20:19-85
150            android:exported="false"
150-->[com.google.android.gms:play-services-base:18.0.1] AndroidManifest.xml:22:19-43
151            android:theme="@android:style/Theme.Translucent.NoTitleBar" />
151-->[com.google.android.gms:play-services-base:18.0.1] AndroidManifest.xml:21:19-78
152
153        <meta-data
153-->[com.google.android.gms:play-services-basement:18.1.0] AndroidManifest.xml:21:9-23:69
154            android:name="com.google.android.gms.version"
154-->[com.google.android.gms:play-services-basement:18.1.0] AndroidManifest.xml:22:13-58
155            android:value="@integer/google_play_services_version" />
155-->[com.google.android.gms:play-services-basement:18.1.0] AndroidManifest.xml:23:13-66
156
157        <provider
157-->[androidx.emoji2:emoji2:1.2.0] AndroidManifest.xml:24:9-32:20
158            android:name="androidx.startup.InitializationProvider"
158-->[androidx.emoji2:emoji2:1.2.0] AndroidManifest.xml:25:13-67
159            android:authorities="com.example.nofiltercoffee.androidx-startup"
159-->[androidx.emoji2:emoji2:1.2.0] AndroidManifest.xml:26:13-68
160            android:exported="false" >
160-->[androidx.emoji2:emoji2:1.2.0] AndroidManifest.xml:27:13-37
161            <meta-data
161-->[androidx.emoji2:emoji2:1.2.0] AndroidManifest.xml:29:13-31:52
162                android:name="androidx.emoji2.text.EmojiCompatInitializer"
162-->[androidx.emoji2:emoji2:1.2.0] AndroidManifest.xml:30:17-75
163                android:value="androidx.startup" />
163-->[androidx.emoji2:emoji2:1.2.0] AndroidManifest.xml:31:17-49
164            <meta-data
164-->[androidx.lifecycle:lifecycle-process:2.4.1] AndroidManifest.xml:31:13-33:52
165                android:name="androidx.lifecycle.ProcessLifecycleInitializer"
165-->[androidx.lifecycle:lifecycle-process:2.4.1] AndroidManifest.xml:32:17-78
166                android:value="androidx.startup" />
166-->[androidx.lifecycle:lifecycle-process:2.4.1] AndroidManifest.xml:33:17-49
167        </provider>
168
169        <service
169-->[com.google.android.datatransport:transport-backend-cct:3.1.8] AndroidManifest.xml:28:9-34:19
170            android:name="com.google.android.datatransport.runtime.backends.TransportBackendDiscovery"
170-->[com.google.android.datatransport:transport-backend-cct:3.1.8] AndroidManifest.xml:29:13-103
171            android:exported="false" >
171-->[com.google.android.datatransport:transport-backend-cct:3.1.8] AndroidManifest.xml:30:13-37
172            <meta-data
172-->[com.google.android.datatransport:transport-backend-cct:3.1.8] AndroidManifest.xml:31:13-33:39
173                android:name="backend:com.google.android.datatransport.cct.CctBackendFactory"
173-->[com.google.android.datatransport:transport-backend-cct:3.1.8] AndroidManifest.xml:32:17-94
174                android:value="cct" />
174-->[com.google.android.datatransport:transport-backend-cct:3.1.8] AndroidManifest.xml:33:17-36
175        </service>
176        <service
176-->[com.google.android.datatransport:transport-runtime:3.1.8] AndroidManifest.xml:26:9-30:19
177            android:name="com.google.android.datatransport.runtime.scheduling.jobscheduling.JobInfoSchedulerService"
177-->[com.google.android.datatransport:transport-runtime:3.1.8] AndroidManifest.xml:27:13-117
178            android:exported="false"
178-->[com.google.android.datatransport:transport-runtime:3.1.8] AndroidManifest.xml:28:13-37
179            android:permission="android.permission.BIND_JOB_SERVICE" >
179-->[com.google.android.datatransport:transport-runtime:3.1.8] AndroidManifest.xml:29:13-69
180        </service>
181
182        <receiver
182-->[com.google.android.datatransport:transport-runtime:3.1.8] AndroidManifest.xml:32:9-34:40
183            android:name="com.google.android.datatransport.runtime.scheduling.jobscheduling.AlarmManagerSchedulerBroadcastReceiver"
183-->[com.google.android.datatransport:transport-runtime:3.1.8] AndroidManifest.xml:33:13-132
184            android:exported="false" />
184-->[com.google.android.datatransport:transport-runtime:3.1.8] AndroidManifest.xml:34:13-37
185    </application>
186
187</manifest>